Nothing to build in platform 'dwaPsHw'

11:40:27 **** Incremental Build of configuration Debug for project dwaPsSw ****
make all 
make --no-print-directory pre-build
a9-linaro-pre-build-step
 
make --no-print-directory main-build
Building file: ../src/src/echo.c
Invoking: ARM v7 gcc compiler
arm-none-eabi-gcc -Wall -O0 -g3 -c -fmessage-length=0 -MT"src/src/echo.o" -mcpu=cortex-a9 -mfpu=vfpv3 -mfloat-abi=hard -I/home/nate/projects/duneWireTension/ElectricalMethod/firmware/source/dwa_ps/vittis/dwaPsHw/export/dwaPsHw/sw/dwaPsHw/standalone_ps7_cortexa9_0/bspinclude/include -MMD -MP -MF"src/src/echo.d" -MT"src/src/echo.o" -o "src/src/echo.o" "../src/src/echo.c"
../src/src/echo.c:42:12: warning: initialization of 'int *' from 'unsigned int' makes pointer from integer without a cast [-Wint-conversion]
   42 | int *ptr = 0xc2000000;
      |            ^~~~~~~~~~
../src/src/echo.c: In function 'recv_callback':
../src/src/echo.c:160:5: warning: implicit declaration of function 'transferTcpData'; did you mean 'transfer_data'? [-Wimplicit-function-declaration]
  160 |     transferTcpData(tcpTxbuf, 12, tpcb);
      |     ^~~~~~~~~~~~~~~
      |     transfer_data
../src/src/echo.c:188:7: warning: implicit declaration of function 'start_udp' [-Wimplicit-function-declaration]
  188 |       start_udp(pktAddr);
      |       ^~~~~~~~~
../src/src/echo.c:142:9: warning: unused variable 'wAckBuffLength' [-Wunused-variable]
  142 |     int wAckBuffLength = 8;
      |         ^~~~~~~~~~~~~~
../src/src/echo.c:60:7: warning: variable 'cyLiteCmd' set but not used [-Wunused-but-set-variable]
   60 |   int cyLiteCmd;
      |       ^~~~~~~~~
../src/src/echo.c:56:7: warning: variable 'pktSN' set but not used [-Wunused-but-set-variable]
   56 |   int pktSN;
      |       ^~~~~
../src/src/echo.c:54:9: warning: variable 'errCode' set but not used [-Wunused-but-set-variable]
   54 |   u32_t errCode = 0;
      |         ^~~~~~~
Finished building: ../src/src/echo.c
 
Building file: ../src/src/main.c
Invoking: ARM v7 gcc compiler
arm-none-eabi-gcc -Wall -O0 -g3 -c -fmessage-length=0 -MT"src/src/main.o" -mcpu=cortex-a9 -mfpu=vfpv3 -mfloat-abi=hard -I/home/nate/projects/duneWireTension/ElectricalMethod/firmware/source/dwa_ps/vittis/dwaPsHw/export/dwaPsHw/sw/dwaPsHw/standalone_ps7_cortexa9_0/bspinclude/include -MMD -MP -MF"src/src/main.d" -MT"src/src/main.o" -o "src/src/main.o" "../src/src/main.c"
../src/src/main.c:35:10: fatal error: platform.h: No such file or directory
   35 | #include "platform.h"
      |          ^~~~~~~~~~~~
compilation terminated.
make[1]: *** [src/src/subdir.mk:26: src/src/main.o] Error 1
make: *** [makefile:35: all] Error 2
11:40:27 **** Incremental Build of configuration Debug for project dwaPsSw_system ****
make all 
Generating bif file for the system project
Executing command '::scw::generate_bif -xpfm /home/nate/projects/duneWireTension/ElectricalMethod/firmware/source/dwa_ps/vittis/dwaPsHw/export/dwaPsHw/dwaPsHw.xpfm -domains standalone_ps7_cortexa9_0 -bifpath /home/nate/projects/duneWireTension/ElectricalMethod/firmware/source/dwa_ps/vittis/dwaPsSw_system/Debug/system.bif' on XSCT
sdcard_gen --xpfm /home/nate/projects/duneWireTension/ElectricalMethod/firmware/source/dwa_ps/vittis/dwaPsHw/export/dwaPsHw/dwaPsHw.xpfm --sys_config dwaPsHw --bif /home/nate/projects/duneWireTension/ElectricalMethod/firmware/source/dwa_ps/vittis/dwaPsSw_system/Debug/system.bif --no_bitstream --elf /home/nate/projects/duneWireTension/ElectricalMethod/firmware/source/dwa_ps/vittis/dwaPsSw/Debug/dwaPsSw.elf,ps7_cortexa9_0
ELF does not exist: /home/nate/projects/duneWireTension/ElectricalMethod/firmware/source/dwa_ps/vittis/dwaPsSw/Debug/dwaPsSw.elf
make: *** [makefile:41: package] Error 1
